<?xml version="1.0" encoding="UTF-8" ?>
<testsuite errors="0" failures="0" hostname="DESKTOP-0T5LKEC" name="test.ApiTest" skipped="0" tests="1" time="10.089" timestamp="2016-09-02T03:48:21">
  <properties>
    <property name="java.vendor" value="Oracle Corporation" />
    <property name="env.USERDOMAIN_ROAMINGPROFILE" value="DESKTOP-0T5LKEC" />
    <property name="env.JENKINS_SERVER_COOKIE" value="fe6a268812e7b6d6" />
    <property name="sun.java.launcher" value="SUN_STANDARD" />
    <property name="sun.management.compiler" value="HotSpot 64-Bit Tiered Compilers" />
    <property name="env.PROMPT" value="$P$G" />
    <property name="os.name" value="Windows 10" />
    <property name="ant.file.type.JavaServiceTest" value="file" />
    <property name="sun.boot.class.path" value="C:\Program Files\Java\jdk1.8.0_101\jre\lib\resources.jar;C:\Program Files\Java\jdk1.8.0_101\jre\lib\rt.jar;C:\Program Files\Java\jdk1.8.0_101\jre\lib\sunrsasign.jar;C:\Program Files\Java\jdk1.8.0_101\jre\lib\jsse.jar;C:\Program Files\Java\jdk1.8.0_101\jre\lib\jce.jar;C:\Program Files\Java\jdk1.8.0_101\jre\lib\charsets.jar;C:\Program Files\Java\jdk1.8.0_101\jre\lib\jfr.jar;C:\Program Files\Java\jdk1.8.0_101\jre\classes" />
    <property name="env.COMPUTERNAME" value="DESKTOP-0T5LKEC" />
    <property name="env.CommonProgramW6432" value="C:\Program Files\Common Files" />
    <property name="env.ALLUSERSPROFILE" value="C:\ProgramData" />
    <property name="sun.desktop" value="windows" />
    <property name="java.vm.specification.vendor" value="Oracle Corporation" />
    <property name="ant.home" value="C:\apache-ant" />
    <property name="java.runtime.version" value="1.8.0_101-b13" />
    <property name="env.BUILD_DISPLAY_NAME" value="#13" />
    <property name="env.HOMEPATH" value="\Users\jiang" />
    <property name="user.name" value="jiang" />
    <property name="user.language" value="en" />
    <property name="sun.boot.library.path" value="C:\Program Files\Java\jdk1.8.0_101\jre\bin" />
    <property name="ant.project.default-target" value="build" />
    <property name="ant.project.name" value="JavaServiceTest" />
    <property name="java.version" value="1.8.0_101" />
    <property name="env.PROCESSOR_IDENTIFIER" value="Intel64 Family 6 Model 42 Stepping 7, GenuineIntel" />
    <property name="user.timezone" value="" />
    <property name="env.NODE_NAME" value="master" />
    <property name="env.TEMP" value="C:\Users\jiang\AppData\Local\Temp" />
    <property name="sun.arch.data.model" value="64" />
    <property name="java.endorsed.dirs" value="C:\Program Files\Java\jdk1.8.0_101\jre\lib\endorsed" />
    <property name="env._JAVACMD" value="C:\Program Files\Java\jdk1.8.0_101\bin\java.exe" />
    <property name="sun.cpu.isalist" value="amd64" />
    <property name="env.JOB_BASE_NAME" value="JunitTest" />
    <property name="env.HOMEDRIVE" value="C:" />
    <property name="sun.jnu.encoding" value="Cp1252" />
    <property name="file.encoding.pkg" value="sun.io" />
    <property name="ECLIPSE_HOME" value="../../eclipse/" />
    <property name="file.separator" value="\" />
    <property name="java.specification.name" value="Java Platform API Specification" />
    <property name="java.class.version" value="52.0" />
    <property name="user.country" value="US" />
    <property name="env.BUILD_NUMBER" value="13" />
    <property name="java.home" value="C:\Program Files\Java\jdk1.8.0_101\jre" />
    <property name="env.PSModulePath" value="C:\Program Files\WindowsPowerShell\Modules;C:\WINDOWS\system32\WindowsPowerShell\v1.0\Modules" />
    <property name="env.APPDATA" value="C:\Users\jiang\AppData\Roaming" />
    <property name="env.PUBLIC" value="C:\Users\Public" />
    <property name="java.vm.info" value="mixed mode" />
    <property name="env.ComSpec" value="C:\WINDOWS\system32\cmd.exe" />
    <property name="env.OS" value="Windows_NT" />
    <property name="env.CommonProgramFiles" value="C:\Program Files\Common Files" />
    <property name="ant.file" value="C:\workspace\JavaServiceTest\build.xml" />
    <property name="os.version" value="10.0" />
    <property name="env.ProgramW6432" value="C:\Program Files" />
    <property name="env._USE_CLASSPATH" value="no" />
    <property name="env.HUDSON_COOKIE" value="05079f30-aa32-4e42-8adc-5af81d97a25d" />
    <property name="path.separator" value=";" />
    <property name="java.vm.version" value="25.101-b13" />
    <property name="env.USERPROFILE" value="C:\Users\jiang" />
    <property name="user.variant" value="" />
    <property name="ant.library.dir" value="C:\apache-ant\lib" />
    <property name="junit.output.dir" value="junit" />
    <property name="env.JOB_NAME" value="JunitTest" />
    <property name="env.JAVA_HOME" value="C:\Program Files\Java\jdk1.8.0_101" />
    <property name="java.awt.printerjob" value="sun.awt.windows.WPrinterJob" />
    <property name="env.TMP" value="C:\Users\jiang\AppData\Local\Temp" />
    <property name="sun.io.unicode.encoding" value="UnicodeLittle" />
    <property name="awt.toolkit" value="sun.awt.windows.WToolkit" />
    <property name="user.script" value="" />
    <property name="env.BUILD_TAG" value="jenkins-JunitTest-13" />
    <property name="user.home" value="C:\Users\jiang" />
    <property name="target" value="1.8" />
    <property name="env.JENKINS_HOME" value="C:\Jenkins" />
    <property name="env.ProgramData" value="C:\ProgramData" />
    <property name="env.ProgramFiles(x86)" value="C:\Program Files (x86)" />
    <property name="env.SESSIONNAME" value="Console" />
    <property name="java.specification.vendor" value="Oracle Corporation" />
    <property name="env.NUMBER_OF_PROCESSORS" value="4" />
    <property name="java.library.path" value="C:\Program Files\Java\jdk1.8.0_101\jre\bin;C:\WINDOWS\Sun\Java\bin;C:\WINDOWS\system32;C:\WINDOWS;C:\ProgramData\Oracle\Java\javapath;C:\WINDOWS\system32;C:\WINDOWS;C:\WINDOWS\System32\Wbem;C:\WINDOWS\System32\WindowsPowerShell\v1.0\;C:\Program Files\Java\jdk1.8.0_101;c:\Python27\;c:\Python27\Scripts;;C:\Program Files\Git\cmd;C:\apache-ant\bin;." />
    <property name="java.vendor.url" value="http://java.oracle.com/" />
    <property name="env.HUDSON_HOME" value="C:\Jenkins" />
    <property name="java.vm.vendor" value="Oracle Corporation" />
    <property name="env.HUDSON_SERVER_COOKIE" value="fe6a268812e7b6d6" />
    <property name="java.runtime.name" value="Java(TM) SE Runtime Environment" />
    <property name="ant.version" value="Apache Ant(TM) version 1.9.7 compiled on April 9 2016" />
    <property name="java.class.path" value="C:\workspace\JavaServiceTest\bin;C:\workspace\JavaServiceTest\lib\fitnesse-standalone.jar;C:\workspace\JavaServiceTest\lib\log4j-1.2.17.jar;C:\workspace\JavaServiceTest\lib\cglib-nodep-3.2.4.jar;C:\workspace\JavaServiceTest\lib\commons-codec-1.10.jar;C:\workspace\JavaServiceTest\lib\commons-exec-1.3.jar;C:\workspace\JavaServiceTest\lib\commons-logging-1.2.jar;C:\workspace\JavaServiceTest\lib\gson-2.3.1.jar;C:\workspace\JavaServiceTest\lib\guava-19.0.jar;C:\workspace\JavaServiceTest\lib\hamcrest-core-1.3.jar;C:\workspace\JavaServiceTest\lib\hamcrest-library-1.3.jar;C:\workspace\JavaServiceTest\lib\httpclient-4.5.2.jar;C:\workspace\JavaServiceTest\lib\httpcore-4.4.4.jar;C:\workspace\JavaServiceTest\lib\httpmime-4.5.2.jar;C:\workspace\JavaServiceTest\lib\jna-4.1.0.jar;C:\workspace\JavaServiceTest\lib\jna-platform-4.1.0.jar;C:\workspace\JavaServiceTest\lib\junit-4.12.jar;C:\workspace\JavaServiceTest\lib\netty-3.5.7.Final.jar;C:\workspace\JavaServiceTest\lib\phantomjsdriver-1.2.1.jar;C:\workspace\JavaServiceTest\lib\selenium-java-2.53.1-srcs.jar;C:\workspace\JavaServiceTest\lib\selenium-java-2.53.1.jar;C:\workspace\JavaServiceTest\lib\selenium-server-standalone-2.53.1.jar;C:\apache-ant\lib\ant-launcher.jar;C:\apache-ant\lib\ant.jar;C:\apache-ant\lib\ant-junit.jar;C:\apache-ant\lib\ant-junit4.jar" />
    <property name="sun.java.command" value="org.apache.tools.ant.taskdefs.optional.junit.JUnitTestRunner test.ApiTest skipNonTests=false filtertrace=true haltOnError=false haltOnFailure=false formatter=org.apache.tools.ant.taskdefs.optional.junit.OutErrSummaryJUnitResultFormatter showoutput=false outputtoformatters=true logfailedtests=true threadid=0 logtestlistenerevents=false formatter=org.apache.tools.ant.taskdefs.optional.junit.XMLJUnitResultFormatter,C:\workspace\JavaServiceTest\junit\TEST-test.ApiTest.xml crashfile=C:\workspace\JavaServiceTest\junitvmwatcher1754861027638838780.properties propsfile=C:\workspace\JavaServiceTest\junit8104525436644591878.properties" />
    <property name="env.EXECUTOR_NUMBER" value="0" />
    <property name="env.Pythonpath" value="c:\Python27\;c:\Python27\Scripts;" />
    <property name="java.vm.specification.name" value="Java Virtual Machine Specification" />
    <property name="ant.file.type" value="file" />
    <property name="env.LOGONSERVER" value="\\MicrosoftAccount" />
    <property name="env.windir" value="C:\WINDOWS" />
    <property name="java.vm.specification.version" value="1.8" />
    <property name="env.PROCESSOR_ARCHITECTURE" value="AMD64" />
    <property name="sun.cpu.endian" value="little" />
    <property name="sun.os.patch.level" value="" />
    <property name="debuglevel" value="source,lines,vars" />
    <property name="env.ProgramFiles" value="C:\Program Files" />
    <property name="env.ANT_HOME" value="C:\apache-ant" />
    <property name="env.PROCESSOR_REVISION" value="2a07" />
    <property name="ant.file.JavaServiceTest" value="C:\workspace\JavaServiceTest\build.xml" />
    <property name="java.io.tmpdir" value="C:\Users\jiang\AppData\Local\Temp\" />
    <property name="env.CommonProgramFiles(x86)" value="C:\Program Files (x86)\Common Files" />
    <property name="java.vendor.url.bug" value="http://bugreport.sun.com/bugreport/" />
    <property name="env.SystemRoot" value="C:\WINDOWS" />
    <property name="java.awt.graphicsenv" value="sun.awt.Win32GraphicsEnvironment" />
    <property name="os.arch" value="amd64" />
    <property name="env.ANT_CMD_LINE_ARGS" value=" -file build.xml ApiTest" />
    <property name="java.ext.dirs" value="C:\Program Files\Java\jdk1.8.0_101\jre\lib\ext;C:\WINDOWS\Sun\Java\lib\ext" />
    <property name="user.dir" value="C:\workspace\JavaServiceTest" />
    <property name="env.BUILD_ID" value="13" />
    <property name="env.LOCALAPPDATA" value="C:\Users\jiang\AppData\Local" />
    <property name="line.separator" value="&#xd;&#xa;" />
    <property name="java.vm.name" value="Java HotSpot(TM) 64-Bit Server VM" />
    <property name="env.PATHEXT" value=".COM;.EXE;.BAT;.CMD;.VBS;.VBE;.JS;.JSE;.WSF;.WSH;.MSC" />
    <property name="env.Path" value="C:\ProgramData\Oracle\Java\javapath;C:\WINDOWS\system32;C:\WINDOWS;C:\WINDOWS\System32\Wbem;C:\WINDOWS\System32\WindowsPowerShell\v1.0\;C:\Program Files\Java\jdk1.8.0_101;c:\Python27\;c:\Python27\Scripts;;C:\Program Files\Git\cmd;C:\apache-ant\bin" />
    <property name="basedir" value="C:\workspace\JavaServiceTest" />
    <property name="ant.java.version" value="1.8" />
    <property name="ant.core.lib" value="C:\apache-ant\lib\ant.jar" />
    <property name="env.USERNAME" value="jiang" />
    <property name="env.SystemDrive" value="C:" />
    <property name="source" value="1.8" />
    <property name="file.encoding" value="Cp1252" />
    <property name="env.WORKSPACE" value="C:\workspace\JavaServiceTest" />
    <property name="env.USERDOMAIN" value="DESKTOP-0T5LKEC" />
    <property name="java.specification.version" value="1.8" />
    <property name="env.=C:" value="C:\workspace\JavaServiceTest" />
    <property name="ant.project.invoked-targets" value="ApiTest" />
    <property name="env.NODE_LABELS" value="master" />
    <property name="env.PROCESSOR_LEVEL" value="6" />
  </properties>
  <testcase classname="test.ApiTest" name="test" time="10.032" />
  <system-out><![CDATA[Response Code: 200
Get Response is Successfull
{"coord":{"lon":-0.13,"lat":51.51},"weather":[{"id":802,"main":"Clouds","description":"scattered clouds","icon":"03n"}],"base":"cmc stations","main":{"temp":287.59,"pressure":1019,"humidity":77,"temp_min":286.15,"temp_max":289.15},"wind":{"speed":3.1,"deg":220},"clouds":{"all":36},"dt":1472787123,"sys":{"type":1,"id":5091,"message":0.0126,"country":"GB","sunrise":1472793328,"sunset":1472841809},"id":2643743,"name":"London","cod":200}
]]></system-out>
  <system-err><![CDATA[]]></system-err>
</testsuite>
