<?xml version="1.0" encoding="UTF-8"?>
<!-- Generated by org.testng.reporters.JUnitReportReporter -->
<testsuite hostname="DESKTOP-0T5LKEC" name="Testng.DataProviderTest" tests="3" failures="0" timestamp="6 Sep 2016 02:32:58 GMT" time="0.014" errors="0">
  <testcase name="verifyUser" time="0.002" classname="Testng.DataProviderTest"/>
  <testcase name="verifyUser" time="0.001" classname="Testng.DataProviderTest"/>
  <testcase name="verifyUser" time="0.011" classname="Testng.DataProviderTest"/>
</testsuite> <!-- Testng.DataProviderTest -->
