<?xml version="1.0" encoding="UTF-8"?>
<!-- Generated by org.testng.reporters.JUnitReportReporter -->
<testsuite hostname="DESKTOP-0T5LKEC" name="test.ApiTest_ng" tests="1" failures="0" timestamp="2 Sep 2016 04:21:00 GMT" time="3.064" errors="0">
  <testcase name="test" time="3.064" classname="test.ApiTest_ng"/>
</testsuite> <!-- test.ApiTest_ng -->
